<?xml version="1.0" encoding="UTF-8"?>
<testng-results skipped="0" failed="0" total="1" passed="1">
  <reporter-output>
  </reporter-output>
  <suite name="Default suite" duration-ms="11750" started-at="2020-07-21T13:55:05Z" finished-at="2020-07-21T13:55:16Z">
    <groups>
    </groups>
    <test name="Default test" duration-ms="11750" started-at="2020-07-21T13:55:05Z" finished-at="2020-07-21T13:55:16Z">
      <class name="Test.testCase1">
        <test-method status="PASS" signature="SetURL()[pri:0, instance:Test.testCase1@5b0abc94]" name="SetURL" is-config="true" duration-ms="9210" started-at="2020-07-21T19:25:05Z" finished-at="2020-07-21T19:25:14Z">
          <reporter-output>
          </reporter-output>
        </test-method> <!-- SetURL -->
        <test-method status="PASS" signature="Navigate()[pri:0, instance:Test.testCase1@5b0abc94]" name="Navigate" duration-ms="1213" started-at="2020-07-21T19:25:14Z" finished-at="2020-07-21T19:25:15Z">
          <reporter-output>
          </reporter-output>
        </test-method> <!-- Navigate -->
        <test-method status="PASS" signature="endSession()[pri:0, instance:Test.testCase1@5b0abc94]" name="endSession" is-config="true" duration-ms="1305" started-at="2020-07-21T19:25:15Z" finished-at="2020-07-21T19:25:16Z">
          <reporter-output>
          </reporter-output>
        </test-method> <!-- endSession -->
      </class> <!-- Test.testCase1 -->
    </test> <!-- Default test -->
  </suite> <!-- Default suite -->
</testng-results>
