<?xml version="1.0" encoding="UTF-8"?>
<!-- Generated by org.testng.reporters.JUnitXMLReporter -->
<testsuite hostname="Princ3" name="all" tests="1" failures="1" timestamp="21 Jul 2020 06:16:37 GMT" time="17.396" errors="0">
  <testcase name="Navigate" time="1.364" classname="Test.testCase1">
    <failure type="java.lang.AssertionError" message="expected [ndtv:latestnews] but found [ndtv:latestnews,indianews,breakingnews,business,bollywood,cricket,videos&amp;amp;photos]">
      <![CDATA[java.lang.AssertionError: expected [ndtv:latestnews] but found [ndtv:latestnews,indianews,breakingnews,business,bollywood,cricket,videos&photos]
	at Test.testCase1.Navigate(testCase1.java:34)
... Removed 29 stack frames]]>
    </failure>
  </testcase> <!-- Navigate -->
</testsuite> <!-- all -->
