<?xml version="1.0" encoding="UTF-8"?>
<testng-results skipped="0" failed="0" total="1" passed="1">
  <reporter-output>
  </reporter-output>
  <suite name="Test" duration-ms="18258" started-at="2020-07-21T06:31:31Z" finished-at="2020-07-21T06:31:49Z">
    <groups>
    </groups>
    <test name="1st TC" duration-ms="18258" started-at="2020-07-21T06:31:31Z" finished-at="2020-07-21T06:31:49Z">
      <class name="Test.testCase1">
        <test-method status="PASS" signature="SetURL()[pri:0, instance:Test.testCase1@6f7fd0e6]" name="SetURL" is-config="true" duration-ms="10600" started-at="2020-07-21T12:01:31Z" finished-at="2020-07-21T12:01:42Z">
          <reporter-output>
          </reporter-output>
        </test-method> <!-- SetURL -->
        <test-method status="PASS" signature="Navigate()[pri:0, instance:Test.testCase1@6f7fd0e6]" name="Navigate" duration-ms="6217" started-at="2020-07-21T12:01:42Z" finished-at="2020-07-21T12:01:48Z">
          <reporter-output>
          </reporter-output>
        </test-method> <!-- Navigate -->
        <test-method status="PASS" signature="endSession()[pri:0, instance:Test.testCase1@6f7fd0e6]" name="endSession" is-config="true" duration-ms="1421" started-at="2020-07-21T12:01:48Z" finished-at="2020-07-21T12:01:49Z">
          <reporter-output>
          </reporter-output>
        </test-method> <!-- endSession -->
      </class> <!-- Test.testCase1 -->
    </test> <!-- 1st TC -->
  </suite> <!-- Test -->
</testng-results>
